{
  "test_results": [
    {
      "job": "build-test",
      "status": "FAILED",
      "duration": 0,
      "description": "Main CI Workflow Validation",
      "error": "Error: accepts at most 1 arg(s), received 3 ",
      "timestamp": "2025-09-22T15:13:41Z"
    },
    {
      "job": "build-test",
      "status": "FAILED",
      "duration": 0,
      "description": "Main CI Workflow Validation",
      "error": "Error: accepts at most 1 arg(s), received 3 ",
      "timestamp": "2025-09-22T15:14:46Z"
    },
    {
      "job": "build-test",
      "status": "FAILED",
      "duration": 16,
      "description": "Main CI Workflow Validation",
      "error": "[CI/build-test] exitcode '1': failure [CI/build-test] â­ Run Complete job [CI/build-test]   âœ…  Success - Complete job [CI/build-test] ğŸ  Job failed Error: Job 'build-test' failed ",
      "timestamp": "2025-09-22T15:26:31Z"
    },
    {
      "job": "build-test",
      "status": "FAILED",
      "duration": 904,
      "description": "Main CI Workflow Validation",
      "error": "[CI/build-test]   ğŸ³  docker pull image=ghcr.io/catthehacker/ubuntu:full-latest platform=linux/amd64 username= forcePull=true [CI/build-test] context canceled [CI/build-test]   âŒ  Failure - Set up job [CI/build-test] ğŸ  Job failed Error: context canceled ",
      "timestamp": "2025-09-26T21:12:41Z"
    },
    {
      "job": "build-test",
      "status": "FAILED",
      "duration": 252,
      "description": "Main CI Workflow Validation",
      "error": "[CI/build-test]   ğŸ³  docker pull image=ghcr.io/catthehacker/ubuntu:full-latest platform=linux/amd64 username= forcePull=true [CI/build-test] failed to list containers: Cannot connect to the Docker daemon at unix:///var/run/docker.sock. Is the docker daemon running? [CI/build-test]   âŒ  Failure - Set up job [CI/build-test] ğŸ  Job failed Error: failed to list containers: Cannot connect to the Docker daemon at unix:///var/run/docker.sock. Is the docker daemon running? ",
      "timestamp": "2025-09-30T11:50:34Z"
    },
    {
      "job": "build-test",
      "status": "SUCCESS",
      "duration": 607,
      "description": "Main CI Workflow Validation",
      "error": "",
      "timestamp": "2025-10-01T17:04:17Z"
    },
    {
      "job": "build",
      "status": "FAILED",
      "duration": 95,
      "description": "Documentation Build Workflow",
      "error": "[Deploy Documentation to GitHub Pages/build]   âœ…  Success - Post Upload artifact for deployment [66.189667ms] [Deploy Documentation to GitHub Pages/build] â­ Run Complete job [Deploy Documentation to GitHub Pages/build]   âœ…  Success - Complete job [Deploy Documentation to GitHub Pages/build] ğŸ  Job failed Error: Job 'build' failed ",
      "timestamp": "2025-10-01T17:05:52Z"
    }
  ],
  "summary": {}
}
